2026-02-25 15:55:43,742 - INFO - === INICIANDO PIPELINE DE ANÁLISE LOGÍSTICA ===
2026-02-25 15:55:43,742 - INFO - Iniciando carga dos arquivos CSV...
2026-02-25 15:55:45,092 - INFO - Carga de dados concluída com sucesso.
2026-02-25 15:55:45,093 - INFO - Tratando dados de clientes...
2026-02-25 15:55:45,101 - INFO - Tratando dados de pedidos...
2026-02-25 15:55:45,184 - INFO - Tratando dados de itens...
2026-02-25 15:55:45,218 - INFO - Realizando merge das bases de pedidos e clientes...
2026-02-25 15:55:45,378 - INFO - Criando features temporais e flags de atraso...
2026-02-25 15:55:45,389 - INFO - Adicionando informações de receita à base principal...
2026-02-25 15:55:45,761 - INFO - Executando detecção de outliers de preço (Método IQR)...
2026-02-25 15:55:45,856 - INFO - Analisando tendências mensais (Sazonalidade)...
2026-02-25 15:55:45,867 - INFO - Analisando gargalos operacionais de aprovação e despacho...
2026-02-25 15:55:45,908 - ERROR - Ocorreu um erro inesperado durante a execução: 'data_compra'
2026-02-25 15:55:54,474 - INFO - === INICIANDO PIPELINE DE ANÁLISE LOGÍSTICA ===
2026-02-25 15:55:54,474 - INFO - Iniciando carga dos arquivos CSV...
2026-02-25 15:55:55,346 - INFO - Carga de dados concluída com sucesso.
2026-02-25 15:55:55,346 - INFO - Tratando dados de clientes...
2026-02-25 15:55:55,353 - INFO - Tratando dados de pedidos...
2026-02-25 15:55:55,414 - INFO - Tratando dados de itens...
2026-02-25 15:55:55,446 - INFO - Realizando merge das bases de pedidos e clientes...
2026-02-25 15:55:55,572 - INFO - Criando features temporais e flags de atraso...
2026-02-25 15:55:55,582 - INFO - Adicionando informações de receita à base principal...
2026-02-25 15:55:55,795 - INFO - Executando detecção de outliers de preço (Método IQR)...
2026-02-25 15:55:55,888 - INFO - Analisando tendências mensais (Sazonalidade)...
2026-02-25 15:55:55,899 - INFO - Analisando gargalos operacionais de aprovação e despacho...
2026-02-25 15:55:56,085 - ERROR - Ocorreu um erro inesperado durante a execução: unsupported operand type(s) for -: 'Timestamp' and 'str'
2026-02-25 15:56:06,360 - INFO - === INICIANDO PIPELINE DE ANÁLISE LOGÍSTICA ===
2026-02-25 15:56:06,360 - INFO - Iniciando carga dos arquivos CSV...
2026-02-25 15:56:07,198 - INFO - Carga de dados concluída com sucesso.
2026-02-25 15:56:07,198 - INFO - Tratando dados de clientes...
2026-02-25 15:56:07,205 - INFO - Tratando dados de pedidos...
2026-02-25 15:56:07,265 - INFO - Tratando dados de itens...
2026-02-25 15:56:07,298 - INFO - Realizando merge das bases de pedidos e clientes...
2026-02-25 15:56:07,426 - INFO - Criando features temporais e flags de atraso...
2026-02-25 15:56:07,435 - INFO - Adicionando informações de receita à base principal...
2026-02-25 15:56:07,664 - INFO - Executando detecção de outliers de preço (Método IQR)...
2026-02-25 15:56:07,750 - INFO - Analisando tendências mensais (Sazonalidade)...
2026-02-25 15:56:07,760 - INFO - Analisando gargalos operacionais de aprovação e despacho...
2026-02-25 15:56:07,826 - INFO - Analisando impacto do atraso na retenção de clientes...
2026-02-25 15:56:08,626 - INFO - Iniciando geração de gráficos para o portfólio...
2026-02-25 15:56:11,504 - INFO - === PIPELINE FINALIZADO COM SUCESSO ===
